\BOOKMARK [1][-]{section.1}{Introducci\363n}{}% 1
\BOOKMARK [2][-]{subsection.1.1}{Reconociendo las contribuciones}{section.1}% 2
\BOOKMARK [1][-]{section.2}{Formas de contribuir}{}% 3
\BOOKMARK [2][-]{subsection.2.1}{Contribuciones de capital}{section.2}% 4
\BOOKMARK [2][-]{subsection.2.2}{Steem \(STEEM\)}{section.2}% 5
\BOOKMARK [2][-]{subsection.2.3}{Steem Power \(SP\)}{section.2}% 6
\BOOKMARK [2][-]{subsection.2.4}{Steem Dollars \(SMD\)}{section.2}% 7
\BOOKMARK [3][-]{subsubsection.2.4.1}{Minimizando comisiones fraudulentas}{subsection.2.4}% 8
\BOOKMARK [3][-]{subsubsection.2.4.2}{Mitigando ataques de cadencia}{subsection.2.4}% 9
\BOOKMARK [3][-]{subsubsection.2.4.3}{Minimizando el abuso de conversiones}{subsection.2.4}% 10
\BOOKMARK [3][-]{subsubsection.2.4.4}{Liquidez}{subsection.2.4}% 11
\BOOKMARK [3][-]{subsubsection.2.4.5}{Deuda sostenible a relaciones de propiedad}{subsection.2.4}% 12
\BOOKMARK [3][-]{subsubsection.2.4.6}{Intereses}{subsection.2.4}% 13
\BOOKMARK [3][-]{subsubsection.2.4.7}{Definiendo fuentes de precios}{subsection.2.4}% 14
\BOOKMARK [2][-]{subsection.2.5}{Contribuciones subjetivas}{section.2}% 15
\BOOKMARK [3][-]{subsubsection.2.5.1}{Distribuyendo la moneda}{subsection.2.5}% 16
\BOOKMARK [3][-]{subsubsection.2.5.2}{Votando sobre la distribuci\363n de la moneda}{subsection.2.5}% 17
\BOOKMARK [3][-]{subsubsection.2.5.3}{Tasa limitada de voto}{subsection.2.5}% 18
\BOOKMARK [3][-]{subsubsection.2.5.4}{Pagos retrasados}{subsection.2.5}% 19
\BOOKMARK [3][-]{subsubsection.2.5.5}{Distribuci\363n de pagos}{subsection.2.5}% 20
\BOOKMARK [3][-]{subsubsection.2.5.6}{Pagos}{subsection.2.5}% 21
\BOOKMARK [2][-]{subsection.2.6}{Algoritmo de consenso}{section.2}% 22
\BOOKMARK [3][-]{subsubsection.2.6.1}{Consenso en Steem}{subsection.2.6}% 23
\BOOKMARK [3][-]{subsubsection.2.6.2}{Minando en Steem}{subsection.2.6}% 24
\BOOKMARK [3][-]{subsubsection.2.6.3}{Eliminando comisiones de transacci\363n}{subsection.2.6}% 25
\BOOKMARK [1][-]{section.3}{Conclusi\363n}{}% 26
